<?xml version="1.0" encoding="UTF-8"?>
<!-- Generated by org.testng.reporters.JUnitReportReporter -->
<testsuite hostname="DESKTOP-I7A3701" failures="0" tests="4" name="com.TutorialNinjaproj.QA.TestCases.RegisterTest" time="16.858" errors="0" timestamp="2024-04-16T11:28:47 IST" skipped="0">
  <testcase classname="com.TutorialNinjaproj.QA.TestCases.RegisterTest" name="verifyRegisterAnAccountWithMandatoryFields" time="4.381"/>
  <testcase classname="com.TutorialNinjaproj.QA.TestCases.RegisterTest" name="verifyRegisterAccountByProvidingAllFields" time="5.479"/>
  <testcase classname="com.TutorialNinjaproj.QA.TestCases.RegisterTest" name="verifyRegisterAccountWithExistingEmailAccount" time="3.856"/>
  <testcase classname="com.TutorialNinjaproj.QA.TestCases.RegisterTest" name="verifyRegisteringWithoutFillingAnydetails" time="3.142"/>
</testsuite> <!-- com.TutorialNinjaproj.QA.TestCases.RegisterTest -->
