<?xml version="1.0" encoding="UTF-8"?>
<!-- Generated by org.testng.reporters.JUnitReportReporter -->
<testsuite hostname="DESKTOP-I7A3701" failures="0" tests="7" name="com.TutorialNinjaproj.QA.TestCases.LoginTest" time="25.999" errors="0" timestamp="2024-04-16T11:28:47 IST" skipped="0">
  <testcase classname="com.TutorialNinjaproj.QA.TestCases.LoginTest" name="verifyLoginWithValidCredentials" time="3.658"/>
  <testcase classname="com.TutorialNinjaproj.QA.TestCases.LoginTest" name="verifyLoginWithValidCredentials" time="3.885"/>
  <testcase classname="com.TutorialNinjaproj.QA.TestCases.LoginTest" name="verifyLoginWithValidCredentials" time="3.416"/>
  <testcase classname="com.TutorialNinjaproj.QA.TestCases.LoginTest" name="verifyLoginWithInValidCredentials" time="3.542"/>
  <testcase classname="com.TutorialNinjaproj.QA.TestCases.LoginTest" name="verifyLoginWithInValideEmailAndValidPassword" time="3.565"/>
  <testcase classname="com.TutorialNinjaproj.QA.TestCases.LoginTest" name="verifyLoginWithValideEmailAndInValidPassword" time="4.689"/>
  <testcase classname="com.TutorialNinjaproj.QA.TestCases.LoginTest" name="verifyLoginWithoutProvidingCredential" time="3.244"/>
</testsuite> <!-- com.TutorialNinjaproj.QA.TestCases.LoginTest -->
