<?xml version="1.0" encoding="UTF-8"?>
<!-- Generated by org.testng.reporters.JUnitReportReporter -->
<testsuite hostname="DESKTOP-I7A3701" failures="0" tests="4" name="com.TutorialNinjaproj.QA.TestCases.RegisterTest" time="18.832" errors="0" timestamp="2024-04-16T11:38:58 IST" skipped="0">
  <testcase classname="com.TutorialNinjaproj.QA.TestCases.RegisterTest" name="verifyRegisterAnAccountWithMandatoryFields" time="4.507"/>
  <testcase classname="com.TutorialNinjaproj.QA.TestCases.RegisterTest" name="verifyRegisterAccountByProvidingAllFields" time="4.562"/>
  <testcase classname="com.TutorialNinjaproj.QA.TestCases.RegisterTest" name="verifyRegisterAccountWithExistingEmailAccount" time="4.300"/>
  <testcase classname="com.TutorialNinjaproj.QA.TestCases.RegisterTest" name="verifyRegisteringWithoutFillingAnydetails" time="5.463"/>
</testsuite> <!-- com.TutorialNinjaproj.QA.TestCases.RegisterTest -->
