<?xml version="1.0" encoding="UTF-8"?>
<!-- Generated by org.testng.reporters.JUnitReportReporter -->
<testsuite hostname="DESKTOP-I7A3701" failures="0" tests="7" name="com.TutorialNinjaproj.QA.TestCases.LoginTest" time="26.066" errors="0" timestamp="2024-04-16T11:38:58 IST" skipped="0">
  <testcase classname="com.TutorialNinjaproj.QA.TestCases.LoginTest" name="verifyLoginWithValidCredentials" time="3.417"/>
  <testcase classname="com.TutorialNinjaproj.QA.TestCases.LoginTest" name="verifyLoginWithValidCredentials" time="3.668"/>
  <testcase classname="com.TutorialNinjaproj.QA.TestCases.LoginTest" name="verifyLoginWithValidCredentials" time="3.679"/>
  <testcase classname="com.TutorialNinjaproj.QA.TestCases.LoginTest" name="verifyLoginWithInValidCredentials" time="4.856"/>
  <testcase classname="com.TutorialNinjaproj.QA.TestCases.LoginTest" name="verifyLoginWithInValideEmailAndValidPassword" time="3.800"/>
  <testcase classname="com.TutorialNinjaproj.QA.TestCases.LoginTest" name="verifyLoginWithValideEmailAndInValidPassword" time="3.438"/>
  <testcase classname="com.TutorialNinjaproj.QA.TestCases.LoginTest" name="verifyLoginWithoutProvidingCredential" time="3.208"/>
</testsuite> <!-- com.TutorialNinjaproj.QA.TestCases.LoginTest -->
