<?xml version="1.0" encoding="UTF-8"?>
<!-- Generated by org.testng.reporters.JUnitReportReporter -->
<testsuite hostname="DESKTOP-I7A3701" failures="0" tests="4" name="com.TutorialNinjaproj.QA.TestCases.RegisterTest" time="19.608" errors="0" timestamp="2024-04-16T20:23:57 IST" skipped="0">
  <testcase classname="com.TutorialNinjaproj.QA.TestCases.RegisterTest" name="verifyRegisterAnAccountWithMandatoryFields" time="7.556"/>
  <testcase classname="com.TutorialNinjaproj.QA.TestCases.RegisterTest" name="verifyRegisterAccountByProvidingAllFields" time="4.280"/>
  <testcase classname="com.TutorialNinjaproj.QA.TestCases.RegisterTest" name="verifyRegisterAccountWithExistingEmailAccount" time="4.065"/>
  <testcase classname="com.TutorialNinjaproj.QA.TestCases.RegisterTest" name="verifyRegisteringWithoutFillingAnydetails" time="3.707"/>
</testsuite> <!-- com.TutorialNinjaproj.QA.TestCases.RegisterTest -->
