<?xml version="1.0" encoding="UTF-8"?>
<!-- Generated by org.testng.reporters.JUnitReportReporter -->
<testsuite hostname="DESKTOP-I7A3701" failures="0" tests="3" name="com.TutorialNinjaproj.QA.TestCases.SearchTest" time="8.322" errors="0" timestamp="2024-04-16T20:23:57 IST" skipped="0">
  <testcase classname="com.TutorialNinjaproj.QA.TestCases.SearchTest" name="verifySearchWithValidProduct" time="2.754"/>
  <testcase classname="com.TutorialNinjaproj.QA.TestCases.SearchTest" name="verifySearchWithInValidProduct" time="2.856"/>
  <testcase classname="com.TutorialNinjaproj.QA.TestCases.SearchTest" name="verifySearchWithAnyProduct" time="2.712"/>
</testsuite> <!-- com.TutorialNinjaproj.QA.TestCases.SearchTest -->
